TN:
SF:src\core\domain\errors\domain-error.ts
FN:4,DomainError
FNF:1
FNH:1
FNDA:1,DomainError
DA:1,1
DA:2,1
DA:3,1
DA:4,1
DA:5,1
DA:6,1
DA:7,1
DA:8,1
DA:9,1
LF:9
LH:9
BRDA:4,0,0,1
BRDA:7,1,0,0
BRF:2
BRH:1
end_of_record
TN:
SF:src\core\domain\errors\notfound-error.ts
FN:4,NotFoundError
FNF:1
FNH:1
FNDA:1,NotFoundError
DA:1,1
DA:2,1
DA:3,1
DA:4,1
DA:5,1
DA:6,1
DA:7,1
DA:8,1
LF:8
LH:8
BRDA:4,0,0,1
BRF:1
BRH:1
end_of_record
TN:
SF:src\core\infra\adapters\jwt-adapter.ts
FN:5,newToken
FN:9,verifyToken
FNF:2
FNH:0
FNDA:0,newToken
FNDA:0,verifyToken
DA:1,1
DA:2,1
DA:3,1
DA:4,1
DA:5,1
DA:6,0
DA:7,0
DA:8,1
DA:9,1
DA:10,0
DA:11,0
DA:12,1
LF:12
LH:8
BRF:0
BRH:0
end_of_record
TN:
SF:src\core\infra\adapters\uuidGenerator.ts
FN:4,Object.<anonymous>.GenerateUid.newUUID
FNF:1
FNH:1
FNDA:3,Object.<anonymous>.GenerateUid.newUUID
DA:1,1
DA:2,1
DA:3,1
DA:4,1
DA:5,3
DA:6,3
DA:7,1
LF:7
LH:7
BRDA:4,0,0,3
BRF:1
BRH:1
end_of_record
TN:
SF:src\core\infra\bots\telegram-bot.ts
FN:8,TelegramBot
FN:14,TelegramBot.newUserMessage
FN:24,TelegramBot.loginUserMessage
FN:33,TelegramBot.newTaskMessage
FN:45,TelegramBot.updateTaskMessage
FN:57,TelegramBot.deleteTaskMessage
FNF:6
FNH:2
FNDA:1,TelegramBot
FNDA:1,TelegramBot.newUserMessage
FNDA:0,TelegramBot.loginUserMessage
FNDA:0,TelegramBot.newTaskMessage
FNDA:0,TelegramBot.updateTaskMessage
FNDA:0,TelegramBot.deleteTaskMessage
DA:1,1
DA:2,1
DA:3,1
DA:4,1
DA:5,1
DA:6,1
DA:7,1
DA:8,1
DA:9,1
DA:10,1
DA:11,1
DA:12,1
DA:13,1
DA:14,1
DA:15,1
DA:16,1
DA:17,1
DA:18,1
DA:19,1
DA:20,1
DA:21,1
DA:22,1
DA:23,1
DA:24,1
DA:25,0
DA:26,0
DA:27,0
DA:28,0
DA:29,0
DA:30,0
DA:31,1
DA:32,1
DA:33,1
DA:34,0
DA:35,0
DA:36,0
DA:37,0
DA:38,0
DA:39,0
DA:40,0
DA:41,0
DA:42,0
DA:43,1
DA:44,1
DA:45,1
DA:46,0
DA:47,0
DA:48,0
DA:49,0
DA:50,0
DA:51,0
DA:52,0
DA:53,0
DA:54,0
DA:55,1
DA:56,1
DA:57,1
DA:58,0
DA:59,0
DA:60,0
DA:61,0
DA:62,0
DA:63,0
DA:64,0
DA:65,1
DA:66,1
LF:66
LH:35
BRDA:8,0,0,1
BRDA:14,1,0,1
BRF:2
BRH:2
end_of_record
TN:
SF:src\core\infra\database\connections\connection.ts
FN:6,getConnection
FN:14,initConnection
FNF:2
FNH:2
FNDA:3,getConnection
FNDA:2,initConnection
DA:1,1
DA:2,1
DA:3,1
DA:4,1
DA:5,1
DA:6,1
DA:7,3
DA:8,3
DA:9,3
DA:10,0
DA:11,0
DA:12,3
DA:13,1
DA:14,1
DA:15,2
DA:16,2
DA:17,1
LF:17
LH:15
BRDA:6,0,0,3
BRDA:9,1,0,0
BRDA:14,2,0,2
BRDA:15,3,0,1
BRF:4
BRH:3
end_of_record
TN:
SF:src\core\infra\database\entities\Task.ts
FNF:0
FNH:0
DA:1,1
DA:2,1
DA:3,1
DA:4,1
DA:5,1
DA:6,1
DA:7,1
DA:8,1
DA:9,1
DA:10,1
DA:11,1
DA:12,1
DA:13,1
DA:14,1
DA:15,1
DA:16,1
DA:17,1
DA:18,1
DA:19,1
DA:20,1
DA:21,1
DA:22,1
DA:23,1
DA:24,1
DA:25,1
DA:26,1
DA:27,1
LF:27
LH:27
BRDA:19,0,0,1
BRDA:19,1,0,1
BRF:2
BRH:2
end_of_record
TN:
SF:src\core\infra\database\entities\User.ts
FNF:0
FNH:0
DA:1,1
DA:2,1
DA:3,1
DA:4,1
DA:5,1
DA:6,1
DA:7,1
DA:8,1
DA:9,1
DA:10,1
DA:11,1
DA:12,1
DA:13,1
DA:14,1
DA:15,1
DA:16,1
DA:17,1
DA:18,1
DA:19,1
DA:20,1
DA:21,1
DA:22,1
LF:22
LH:22
BRDA:20,0,0,1
BRDA:20,1,0,1
BRF:2
BRH:2
end_of_record
TN:
SF:src\features\user\domain\errors\duplicated-user.ts
FN:4,DuplicatedUserError
FNF:1
FNH:0
FNDA:0,DuplicatedUserError
DA:1,1
DA:2,1
DA:3,1
DA:4,1
DA:5,0
DA:6,0
DA:7,0
DA:8,1
LF:8
LH:5
BRF:0
BRH:0
end_of_record
TN:
SF:src\features\user\domain\usecases\create-account\create-account-usecase.ts
FN:11,CreateAccountUsecase
FN:13,run
FNF:2
FNH:2
FNDA:1,CreateAccountUsecase
FNDA:1,run
DA:1,1
DA:2,1
DA:3,1
DA:4,1
DA:5,1
DA:6,1
DA:7,1
DA:8,1
DA:9,1
DA:10,1
DA:11,1
DA:12,1
DA:13,1
DA:14,1
DA:15,1
DA:16,1
DA:17,1
DA:18,1
DA:19,1
DA:20,1
DA:21,1
DA:22,1
DA:23,1
DA:24,1
DA:25,1
DA:26,1
DA:27,1
DA:28,1
DA:29,1
DA:30,1
DA:31,1
DA:32,1
DA:33,1
LF:33
LH:33
BRDA:11,0,0,1
BRDA:13,1,0,1
BRDA:17,2,0,0
BRF:3
BRH:2
end_of_record
TN:
SF:src\features\user\domain\usecases\login\login-usecase.ts
FN:13,LoginUseCase
FN:15,run
FNF:2
FNH:2
FNDA:1,LoginUseCase
FNDA:1,run
DA:1,1
DA:2,1
DA:3,1
DA:4,1
DA:5,1
DA:6,1
DA:7,1
DA:8,1
DA:9,1
DA:10,1
DA:11,1
DA:12,1
DA:13,1
DA:14,1
DA:15,1
DA:16,1
DA:17,1
DA:18,1
DA:19,1
DA:20,0
DA:21,0
DA:22,0
DA:23,0
DA:24,0
DA:25,0
DA:26,0
DA:27,0
DA:28,0
DA:29,0
DA:30,0
DA:31,0
DA:32,0
DA:33,0
DA:34,0
DA:35,0
DA:36,0
DA:37,0
DA:38,0
DA:39,0
DA:40,0
DA:41,0
DA:42,1
LF:42
LH:20
BRDA:13,0,0,1
BRDA:15,1,0,1
BRDA:20,2,0,0
BRF:3
BRH:2
end_of_record
TN:
SF:src\features\user\infra\adapters\passCriptography.ts
FN:4,encrypt
FN:8,compare
FNF:2
FNH:1
FNDA:3,encrypt
FNDA:0,compare
DA:1,1
DA:2,1
DA:3,1
DA:4,1
DA:5,3
DA:6,3
DA:7,1
DA:8,1
DA:9,0
DA:10,0
DA:11,1
LF:11
LH:9
BRDA:4,0,0,3
BRF:1
BRH:1
end_of_record
TN:
SF:src\features\user\infra\repository\user-repository.ts
FN:10,UserRepository
FN:14,findOneByName
FN:18,login
FN:24,create
FNF:4
FNH:4
FNDA:3,UserRepository
FNDA:2,findOneByName
FNDA:1,login
FNDA:1,create
DA:1,1
DA:2,1
DA:3,1
DA:4,1
DA:5,1
DA:6,1
DA:7,1
DA:8,1
DA:9,1
DA:10,1
DA:11,3
DA:12,3
DA:13,1
DA:14,1
DA:15,2
DA:16,2
DA:17,1
DA:18,1
DA:19,1
DA:20,1
DA:21,1
DA:22,1
DA:23,1
DA:24,1
DA:25,1
DA:26,1
DA:27,1
DA:28,1
DA:29,1
LF:29
LH:29
BRDA:10,0,0,3
BRDA:14,1,0,2
BRDA:18,2,0,1
BRDA:24,3,0,1
BRF:4
BRH:4
end_of_record
